{"numTotalTestSuites":2,"numPassedTestSuites":2,"numFailedTestSuites":0,"numPendingTestSuites":0,"numTotalTests":5,"numPassedTests":5,"numFailedTests":0,"numPendingTests":0,"numTodoTests":0,"snapshot":{"added":0,"failure":false,"filesAdded":0,"filesRemoved":0,"filesRemovedList":[],"filesUnmatched":0,"filesUpdated":0,"matched":0,"total":0,"unchecked":0,"uncheckedKeysByFile":[],"unmatched":0,"updated":0,"didUpdate":false},"startTime":1782270440384,"success":true,"testResults":[{"assertionResults":[{"ancestorTitles":["SearchBar"],"fullName":"SearchBar dropdown opens when the user types a query","status":"passed","title":"dropdown opens when the user types a query","duration":22.421799999999962,"failureMessages":[],"meta":{},"tags":[]},{"ancestorTitles":["SearchBar"],"fullName":"SearchBar dropdown closes when the user clicks outside the search bar","status":"passed","title":"dropdown closes when the user clicks outside the search bar","duration":23.042500000000018,"failureMessages":[],"meta":{},"tags":[]},{"ancestorTitles":["SearchBar"],"fullName":"SearchBar dropdown stays open while the user keeps typing","status":"passed","title":"dropdown stays open while the user keeps typing","duration":16.67420000000004,"failureMessages":[],"meta":{},"tags":[]},{"ancestorTitles":["SearchBar"],"fullName":"SearchBar dropdown stays open when the user clicks inside the results","status":"passed","title":"dropdown stays open when the user clicks inside the results","duration":7.909599999999955,"failureMessages":[],"meta":{},"tags":[]},{"ancestorTitles":["SearchBar"],"fullName":"SearchBar required data-testid attributes are preserved","status":"passed","title":"required data-testid attributes are preserved","duration":150.00800000000004,"failureMessages":[],"meta":{},"tags":[]}],"startTime":1782270441286,"endTime":1782270441506.008,"status":"passed","message":"","name":"C:/Users/ajfm88/Desktop/insights-eng-test/01-react-basic/tests/searchbar.test.tsx"}]}